make all --print-data-base --no-builtin-variables --no-builtin-rules --question
# GNU Make 3.81
# Copyright (C) 2006  Free Software Foundation, Inc.
# This is free software; see the source for copying conditions.
# There is NO warranty; not even for MERCHANTABILITY or FITNESS FOR A
# PARTICULAR PURPOSE.

# This program built for i386-apple-darwin11.3.0
 

# Make data base, printed on Tue Jun 21 23:20:12 2022

# Variables

# automatic
<D = $(patsubst %/,%,$(dir $<))
# automatic
?F = $(notdir $?)
# environment
ELECTRON_NO_ATTACH_CONSOLE = 1
# environment
VSCODE_LOG_NATIVE = false
# environment
NVM_INC = /Users/srb/.nvm/versions/node/v16.15.0/include/node
# automatic
?D = $(patsubst %/,%,$(dir $?))
# automatic
@D = $(patsubst %/,%,$(dir $@))
# automatic
@F = $(notdir $@)
# makefile
CURDIR := /Users/srb/projects/sql.js-fork
# makefile
SHELL = /bin/sh
# environment
VSCODE_NLS_CONFIG = {"locale":"en-us","availableLanguages":{},"_languagePackSupport":true}
# makefile (from `Makefile', line 62)
BITCODE_FILES = out/sqlite3.bc out/extension-functions.bc out/fileio.bc
# environment
_ = /usr/bin/make
# makefile (from `Makefile', line 68)
EMFLAGS_PRE_JS_FILES = --pre-js src/api.js
# makefile (from `Makefile', line 15)
EXTENSION_FUNCTIONS_URL = https://www.sqlite.org/contrib/download/extension-functions.c?get=25
# makefile (from `Makefile', line 1)
MAKEFILE_LIST :=  Makefile
# makefile (from `Makefile', line 9)
SQLITE_AMALGAMATION = sqlite-amalgamation-3380500
# environment
VSCODE_VERBOSE_LOGGING = true
# makefile (from `Makefile', line 18)
EMCC = emcc
# environment
__CFBundleIdentifier = com.microsoft.VSCode
# environment
INFOPATH = /opt/homebrew/share/info:
# environment
VSCODE_IPC_HOOK_EXTHOST = /var/folders/41/t2szk6pj7wng3l2f7j381rpw0000gn/T/vscode-ipc-20fb0aca-e060-40f0-ab46-010bade67987.sock
# environment
VSCODE_CWD = /Users/srb/projects/sql.js-fork
# environment
PATH = /Users/srb/.yarn/bin:/Users/srb/.config/yarn/global/node_modules/.bin:/Users/srb/Library/Preferences/netlify/helper/bin:/Users/srb/.rbenv/shims:/Users/srb/.nvm/versions/node/v16.15.0/bin:/opt/homebrew/bin:/opt/homebrew/sbin:/usr/local/bin:/usr/bin:/bin:/usr/sbin:/sbin:/usr/local/go/bin:/Library/Apple/usr/bin
# makefile (from `Makefile', line 49)
EMFLAGS_WASM = -s WASM=1 -s ALLOW_MEMORY_GROWTH=1
# environment
LOG_DST = /Users/srb/Library/Application Support/Code/logs/20220621T222932/exthost3/dendron.dendron/dendron.log
# environment
LSCOLORS = Gxfxcxdxbxegedabagacad
# makefile (from `Makefile', line 58)
EMFLAGS_DEBUG = -s ASSERTIONS=1 -O1
# environment
NVM_BIN = /Users/srb/.nvm/versions/node/v16.15.0/bin
# environment
LOG_LEVEL = info
# makefile (from `Makefile', line 11)
SQLITE_AMALGAMATION_ZIP_SHA3 = bfad5c42b767520a546251b9876e4a4b127fb651c437b968b149070e09252807
# environment
LaunchInstanceID = D7EE9648-DF3D-4DFE-9644-F4AB7C513494
# environment
VSCODE_LOG_STACK = false
# environment
ELECTRON_RUN_AS_NODE = 1
# default
.FEATURES := target-specific order-only second-expansion else-if archives jobserver check-symlink
# environment
SSH_AUTH_SOCK = /private/tmp/com.apple.launchd.yCevDemt6K/Listeners
# automatic
%F = $(notdir $%)
# makefile (from `Makefile', line 71)
EXPORTED_METHODS_JSON_FILES = src/exported_functions.json src/exported_runtime_methods.json
# makefile (from `Makefile', line 42)
EMFLAGS_ASM = -s WASM=0
# environment
VSCODE_PIPE_LOGGING = true
# makefile (from `Makefile', line 53)
EMFLAGS_OPTIMIZED = -Oz -flto --closure 1
# environment
PWD = /Users/srb/projects/sql.js-fork
# environment
HOMEBREW_CELLAR = /opt/homebrew/Cellar
# environment
ORIGINAL_XDG_CURRENT_DESKTOP = undefined
# environment
MANPATH = /Users/srb/.nvm/versions/node/v16.15.0/share/man:/opt/homebrew/share/man::
# environment
VSCODE_AMD_ENTRYPOINT = vs/workbench/api/node/extensionHostProcess
# environment
HOME = /Users/srb
# default
MAKEFILEPATH = $(shell /usr/bin/xcode-select -print-path 2>/dev/null || echo /Developer)/Makefiles
# environment
VSCODE_CLI = 1
# environment
VSCODE_CODE_CACHE_PATH = /Users/srb/Library/Application Support/Code/CachedData/4af164ea3a06f701fe3e89a2bcbb421d2026b68f
# environment
LOGNAME = srb
# environment
APPLICATION_INSIGHTS_NO_DIAGNOSTIC_CHANNEL = 1
# makefile (from `Makefile', line 45)
EMFLAGS_ASM_MEMORY_GROWTH = -s WASM=0 -s ALLOW_MEMORY_GROWTH=1
# environment
NVM_CD_FLAGS = -q
# makefile (from `Makefile', line 10)
SQLITE_AMALGAMATION_ZIP_URL = https://www.sqlite.org/2022/sqlite-amalgamation-3380500.zip
# environment
ZSH = /Users/srb/.oh-my-zsh
# environment
VSCODE_HANDLES_UNCAUGHT_ERRORS = true
# automatic
^D = $(patsubst %/,%,$(dir $^))
# environment
XPC_FLAGS = 0x0
# environment
COLORTERM = truecolor
# default
MAKE = $(MAKE_COMMAND)
# environment
LC_TERMINAL = iTerm2
# environment
SHLVL = 3
# default
MAKE_VERSION := 3.81
# environment
USER = srb
# makefile
.DEFAULT_GOAL := all
# default
MAKECMDGOALS := all
# environment
TERM_SESSION_ID = w0t0p0:53274485-B0D1-46FF-B9DA-23591787C8EB
# environment
LESS = -R
# automatic
%D = $(patsubst %/,%,$(dir $%))
# makefile (from `Makefile', line 32)
EMFLAGS = --memory-init-file 0 -s RESERVED_FUNCTION_POINTERS=64 -s ALLOW_TABLE_GROWTH=1 -s EXPORTED_FUNCTIONS=@src/exported_functions.json -s EXPORTED_RUNTIME_METHODS=@src/exported_runtime_methods.json -s SINGLE_FILE=0 -s NODEJS_CATCH_EXIT=0 -s NODEJS_CATCH_REJECTION=0
# default
MAKE_COMMAND := /Library/Developer/CommandLineTools/usr/bin/make
# environment
TERM_PROGRAM = iTerm.app
# default
.VARIABLES := 
# environment
TMPDIR = /var/folders/41/t2szk6pj7wng3l2f7j381rpw0000gn/T/
# automatic
*F = $(notdir $*)
# environment
VSCODE_IPC_HOOK = /Users/srb/Library/Application Support/Code/1.68.0-main.sock
# makefile
MAKEFLAGS = Rrqp
# makefile (from `Makefile', line 66)
SOURCE_API_FILES = src/api.js
# environment
MFLAGS = -Rrqp
# automatic
*D = $(patsubst %/,%,$(dir $*))
# environment
TERM_PROGRAM_VERSION = 3.4.15
# environment
NVM_DIR = /Users/srb/.nvm
# environment
XPC_SERVICE_NAME = application.com.microsoft.VSCode.20746359.20746365.551CEFF0-AE50-4889-AC9E-A870AA375EDE
# environment
LC_TERMINAL_VERSION = 3.4.15
# environment
HOMEBREW_PREFIX = /opt/homebrew
# automatic
+D = $(patsubst %/,%,$(dir $+))
# automatic
+F = $(notdir $+)
# makefile (from `Makefile', line 20)
SQLITE_COMPILATION_FLAGS = -Oz -DSQLITE_OMIT_LOAD_EXTENSION -DSQLITE_DISABLE_LFS -DSQLITE_ENABLE_FTS3 -DSQLITE_ENABLE_FTS3_PARENTHESIS -DSQLITE_THREADSAFE=0 -DSQLITE_ENABLE_NORMALIZE
# environment
ITERM_SESSION_ID = w0t0p0:53274485-B0D1-46FF-B9DA-23591787C8EB
# environment
HOMEBREW_REPOSITORY = /opt/homebrew
# environment
COLORFGBG = 15;0
# environment
__CF_USER_TEXT_ENCODING = 0x1F5:0x0:0x0
# environment
COMMAND_MODE = unix2003
# default
MAKEFILES := 
# environment
RBENV_SHELL = zsh
# automatic
<F = $(notdir $<)
# environment
ITERM_PROFILE = Default
# makefile (from `Makefile', line 14)
EXTENSION_FUNCTIONS = extension-functions.c
# environment
PAGER = less
# environment
LC_ALL = C
# environment
SECURITYSESSIONID = 186b4
# automatic
^F = $(notdir $^)
# default
SUFFIXES := 
# makefile (from `Makefile', line 64)
OUTPUT_WRAPPER_FILES = src/shell-pre.js src/shell-post.js
# default
.INCLUDE_DIRS = /usr/local/include
# environment
MAKELEVEL := 0
# makefile (from `Makefile', line 16)
EXTENSION_FUNCTIONS_SHA1 = c68fa706d6d9ff98608044c00212473f9c14892f
# environment
LANG = C
# environment
TERM = xterm-256color
# environment
VSCODE_PID = 3224
# variable set hash-table stats:
# Load=111/1024=11%, Rehash=0, Collisions=9/170=5%

# Pattern-specific Variable Values

# No pattern-specific variable values.

# Directories

# . (device 16777234, inode 20658903): 31 files, no impossibilities.

# 31 files, no impossibilities in 1 directories.

# Implicit Rules

# No implicit rules.

# Files

dist/worker.sql-asm.js: dist/sql-asm.js src/worker.js
#  Implicit rule search has not been done.
#  Last modified 2022-06-21 23:19:51
#  File has been updated.
#  Successfully updated.
# variable set hash-table stats:
# Load=0/32=0%, Rehash=0, Collisions=0/0=0%
#  commands to execute (from `Makefile', line 116):
	cat $^ > $@
	

# Not a target:
src/exported_runtime_methods.json:
#  Implicit rule search has been done.
#  Last modified 2022-06-21 22:07:41
#  File has been updated.
#  Successfully updated.
# variable set hash-table stats:
# Load=0/32=0%, Rehash=0, Collisions=0/0=0%

all: optimized debug worker
#  Command-line target.
#  Implicit rule search has been done.
#  File does not exist.
#  File has been updated.
#  Successfully updated.
# variable set hash-table stats:
 
# Load=0/32=0%, Rehash=0, Collisions=0/0=0%

.PHONY: debug optimized worker sqlite-src clean
#  Implicit rule search has not been done.
#  Modification time never checked.
#  File has not been updated.

out/fileio.bc: sqlite-src/sqlite-amalgamation-3380500
#  Implicit rule search has not been done.
#  Last modified 2022-06-21 23:09:36
#  File has been updated.
#  Successfully updated.
#  commands to execute (from `Makefile', line 157):
	mkdir -p out
	# Generate llvm bitcode
	$(EMCC) $(SQLITE_COMPILATION_FLAGS) -c sqlite-src/$(SQLITE_AMALGAMATION)/fileio.c -o $@
	

out/extension-functions.bc: sqlite-src/sqlite-amalgamation-3380500
#  Implicit rule search has not been done.
#  Last modified 2022-06-21 23:09:34
#  File has been updated.
#  Successfully updated.
#  commands to execute (from `Makefile', line 152):
	mkdir -p out
	# Generate llvm bitcode
	$(EMCC) $(SQLITE_COMPILATION_FLAGS) -c sqlite-src/$(SQLITE_AMALGAMATION)/extension-functions.c -o $@
	

sqlite-src/sqlite-amalgamation-3380500/extension-functions.c: cache/extension-functions.c
#  Implicit rule search has not been done.
#  Last modified 2022-06-21 23:04:29
#  File has been updated.
#  Successfully updated.
#  commands to execute (from `Makefile', line 189):
	mkdir -p sqlite-src/$(SQLITE_AMALGAMATION)
	echo '$(EXTENSION_FUNCTIONS_SHA1)  ./cache/$(EXTENSION_FUNCTIONS)' > cache/check.txt
	sha1sum -c cache/check.txt
	cp 'cache/$(EXTENSION_FUNCTIONS)' $@
	

cache/extension-functions.c:
#  Implicit rule search has not been done.
#  Last modified 2022-06-21 23:04:29
#  File has been updated.
#  Successfully updated.
#  commands to execute (from `Makefile', line 171):
	mkdir -p cache
	curl -LsSf '$(EXTENSION_FUNCTIONS_URL)' -o $@
	

# Not a target:
.SUFFIXES:
#  Implicit rule search has not been done.
#  Modification time never checked.
#  File has not been updated.

sqlite-src: sqlite-src/sqlite-amalgamation-3380500 sqlite-src/sqlite-amalgamation-3380500/extension-functions.c
#  Phony target (prerequisite of .PHONY).
#  Implicit rule search has not been done.
#  File does not exist.
#  File has not been updated.

# Not a target:
Makefile:
#  Implicit rule search has been done.
#  Last modified 2022-06-21 23:04:23
#  File has been updated.
#  Successfully updated.
# variable set hash-table stats:
# Load=0/32=0%, Rehash=0, Collisions=0/0=0%

worker: dist/worker.sql-asm.js dist/worker.sql-asm-debug.js dist/worker.sql-wasm.js dist/worker.sql-wasm-debug.js
#  Phony target (prerequisite of .PHONY).
#  Implicit rule search has not been done.
#  File does not exist.
#  File has been updated.
#  Successfully updated.
# variable set hash-table stats:
# Load=0/32=0%, Rehash=0, Collisions=0/0=0%

debug: dist/sql-asm-debug.js dist/sql-wasm-debug.js
#  Phony target (prerequisite of .PHONY).
#  Implicit rule search has not been done.
#  File does not exist.
#  File has been updated.
#  Successfully updated.

# Not a target:
src/worker.js:
#  Implicit rule search has been done.
#  Last modified 2022-06-21 22:07:41
#  File has been updated.
#  Successfully updated.
# variable set hash-table stats:
# Load=0/32=0%, Rehash=0, Collisions=0/0=0%

# Not a target:
src/shell-post.js:
#  Implicit rule search has been done.
#  Last modified 2022-06-21 22:07:41
#  File has been updated.
#  Successfully updated.
# variable set hash-table stats:
# Load=0/32=0%, Rehash=0, Collisions=0/0=0%

# Not a target:
src/api.js:
#  Implicit rule search has been done.
#  Last modified 2022-06-21 22:08:44
#  File has been updated.
#  Successfully updated.
# variable set hash-table stats:
# Load=0/32=0%, Rehash=0, Collisions=0/0=0%

# Not a target:
.DEFAULT:
#  Implicit rule search has not been done.
#  Modification time never checked.
#  File has not been updated.

dist/sql-asm-memory-growth.js: out/sqlite3.bc out/extension-functions.bc out/fileio.bc src/shell-pre.js src/shell-post.js src/api.js src/exported_functions.json src/exported_runtime_methods.json
#  Implicit rule search has not been done.
#  Last modified 2022-06-21 23:19:20
#  File has been updated.
#  Successfully updated.
#  commands to execute (from `Makefile', line 106):
	$(EMCC) $(EMFLAGS) $(EMFLAGS_OPTIMIZED) $(EMFLAGS_ASM_MEMORY_GROWTH) $(BITCODE_FILES) $(EMFLAGS_PRE_JS_FILES) -o $@
	mv $@ out/tmp-raw.js
	cat src/shell-pre.js out/tmp-raw.js src/shell-post.js > $@
	rm out/tmp-raw.js
	

dist/sql-wasm-debug.js: out/sqlite3.bc out/extension-functions.bc out/fileio.bc src/shell-pre.js src/shell-post.js src/api.js src/exported_functions.json src/exported_runtime_methods.json
#  Implicit rule search has not been done.
#  Last modified 2022-06-21 23:19:51
#  File has been updated.
#  Successfully updated.
#  commands to execute (from `Makefile', line 85):
	$(EMCC) $(EMFLAGS) $(EMFLAGS_DEBUG) $(EMFLAGS_WASM) $(BITCODE_FILES) $(EMFLAGS_PRE_JS_FILES) -o $@
	mv $@ out/tmp-raw.js
	cat src/shell-pre.js out/tmp-raw.js src/shell-post.js > $@
	rm out/tmp-raw.js
	

clean:
#  Phony target (prerequisite of .PHONY).
#  Implicit rule search has not been done.
#  File does not exist.
#  File has not been updated.
#  commands to execute (from `Makefile', line 197):
	rm -f out/* dist/* cache/*
	rm -rf sqlite-src/
	

# Not a target:
src/shell-pre.js:
#  Implicit rule search has been done.
#  Last modified 2022-06-21 22:07:41
#  File has been updated.
#  Successfully updated.
# variable set hash-table stats:
# Load=0/32=0%, Rehash=0, Collisions=0/0=0%

dist/worker.sql-wasm-debug.js: dist/sql-wasm-debug.js src/worker.js
#  Implicit rule search has not been done.
#  Last modified 2022-06-21 23:19:51
#  File has been updated.
#  Successfully updated.
#  commands to execute (from `Makefile', line 125):
	cat $^ > $@
	

dist/sql-wasm.js: out/sqlite3.bc out/extension-functions.bc out/fileio.bc src/shell-pre.js src/shell-post.js src/api.js src/exported_functions.json src/exported_runtime_methods.json
#  Implicit rule search has not been done.
#  Last modified 2022-06-21 23:18:02
#  File has been updated.
#  Successfully updated.
#  commands to execute (from `Makefile', line 100):
	$(EMCC) $(EMFLAGS) $(EMFLAGS_OPTIMIZED) $(EMFLAGS_WASM) $(BITCODE_FILES) $(EMFLAGS_PRE_JS_FILES) -o $@
	mv $@ out/tmp-raw.js
	cat src/shell-pre.js out/tmp-raw.js src/shell-post.js > $@
	rm out/tmp-raw.js
	

dist/worker.sql-wasm.js: dist/sql-wasm.js src/worker.js
#  Implicit rule search has not been done.
#  Last modified 2022-06-21 23:19:51
#  File has been updated.
#  Successfully updated.
#  commands to execute (from `Makefile', line 122):
	cat $^ > $@
	

optimized: dist/sql-asm.js dist/sql-wasm.js dist/sql-asm-memory-growth.js
#  Phony target (prerequisite of .PHONY).
#  Implicit rule search has not been done.
#  File does not exist.
#  File has been updated.
#  Successfully updated.
# variable set hash-table stats:
# Load=0/32=0%, Rehash=0, Collisions=0/0=0%

cache/sqlite-amalgamation-3380500.zip:
#  Implicit rule search has not been done.
#  Last modified 2022-06-21 23:04:28
#  File has been updated.
#  Successfully updated.
#  commands to execute (from `Makefile', line 167):
	mkdir -p cache
	curl -LsSf '$(SQLITE_AMALGAMATION_ZIP_URL)' -o $@
	

dist/sql-asm-debug.js: out/sqlite3.bc out/extension-functions.bc out/fileio.bc src/shell-pre.js src/shell-post.js src/api.js src/exported_functions.json src/exported_runtime_methods.json
#  Implicit rule search has not been done.
#  Last modified 2022-06-21 23:19:47
#  File has been updated.
#  Successfully updated.
#  commands to execute (from `Makefile', line 79):
	$(EMCC) $(EMFLAGS) $(EMFLAGS_DEBUG) $(EMFLAGS_ASM) $(BITCODE_FILES) $(EMFLAGS_PRE_JS_FILES) -o $@
	mv $@ out/tmp-raw.js
	cat src/shell-pre.js out/tmp-raw.js src/shell-post.js > $@
	rm out/tmp-raw.js
	

# Not a target:
src/exported_functions.json:
#  Implicit rule search has been done.
#  Last modified 2022-06-21 22:08:44
#  File has been updated.
#  Successfully updated.
# variable set hash-table stats:
# Load=0/32=0%, Rehash=0, Collisions=0/0=0%

dist/worker.sql-asm-debug.js: dist/sql-asm-debug.js src/worker.js
#  Implicit rule search has not been done.
#  Last modified 2022-06-21 23:19:51
#  File has been updated.
#  Successfully updated.
#  commands to execute (from `Makefile', line 119):
	cat $^ > $@
	

 
sqlite-src/sqlite-amalgamation-3380500: cache/sqlite-amalgamation-3380500.zip sqlite-src/sqlite-amalgamation-3380500/extension-functions.c
#  Implicit rule search has not been done.
#  Last modified 2022-06-21 23:08:11
#  File has been updated.
#  Successfully updated.
#  commands to execute (from `Makefile', line 179):
	mkdir -p sqlite-src/$(SQLITE_AMALGAMATION)
	echo '$(SQLITE_AMALGAMATION_ZIP_SHA3)  ./cache/$(SQLITE_AMALGAMATION).zip' > cache/check.txt
	sha3sum -c cache/check.txt
	# We don't delete the sqlite_amalgamation folder. That's a job for clean
	# Also, the extension functions get copied here, and if we get the order of these steps wrong,
	# this step could remove the extension functions, and that's not what we want
	unzip -u 'cache/$(SQLITE_AMALGAMATION).zip' -d sqlite-src/
	touch $@
	

out/sqlite3.bc: sqlite-src/sqlite-amalgamation-3380500
#  Implicit rule search has not been done.
#  Last modified 2022-06-21 23:09:31
#  File has been updated.
#  Successfully updated.
#  commands to execute (from `Makefile', line 146):
	mkdir -p out
	# Generate llvm bitcode
	$(EMCC) $(SQLITE_COMPILATION_FLAGS) -c sqlite-src/$(SQLITE_AMALGAMATION)/sqlite3.c -o $@
	

dist/sql-asm.js: out/sqlite3.bc out/extension-functions.bc out/fileio.bc src/shell-pre.js src/shell-post.js src/api.js src/exported_functions.json src/exported_runtime_methods.json
#  Implicit rule search has not been done.
#  Last modified 2022-06-21 23:17:13
#  File has been updated.
#  Successfully updated.
# variable set hash-table stats:
# Load=0/32=0%, Rehash=0, Collisions=0/0=0%
#  commands to execute (from `Makefile', line 94):
	$(EMCC) $(EMFLAGS) $(EMFLAGS_OPTIMIZED) $(EMFLAGS_ASM) $(BITCODE_FILES) $(EMFLAGS_PRE_JS_FILES) -o $@
	mv $@ out/tmp-raw.js
	cat src/shell-pre.js out/tmp-raw.js src/shell-post.js > $@
	rm out/tmp-raw.js
	

# files hash-table stats:
# Load=32/1024=3%, Rehash=0, Collisions=0/122=0%
# VPATH Search Paths

# No `vpath' search paths.

# No general (`VPATH' variable) search path.

# # of strings in strcache: 1
# # of strcache buffers: 1
# strcache size: total = 4096 / max = 4096 / min = 4096 / avg = 4096
# strcache free: total = 4087 / max = 4087 / min = 4087 / avg = 4087

# Finished Make data base on Tue Jun 21 23:20:12 2022

 
